This file contains any messages produced by compilers while
running configure, to aid debugging if configure makes a mistake.

It was created by snappy configure 1.0.5, which was
generated by GNU Autoconf 2.59.  Invocation command line was

  $ ./configure --disable-shared --with-pic CXX=/mnt/gvfs/third-party/d28c90311ca14f9f0b2bb720f4e34b285513d4f4/centos5.2-native/gcc/gcc-4.6.2-glibc-2.13/bin/g++   -I ./snappy  -I /mnt/gvfs/third-party/d28c90311ca14f9f0b2bb720f4e34b285513d4f4/gcc-4.6.2-glibc-2.13/boost/default/eed002c/include -std=gnu++0x -I./thrift -I./thrift/gen-cpp -I./thrift/lib/cpp --no-create --no-recursion

## --------- ##
## Platform. ##
## --------- ##

hostname = dev3936.snc6.facebook.com
uname -m = x86_64
uname -r = 2.6.38.4-49_fbk20_00135_g561dc87
uname -s = Linux
uname -v = #49 SMP Mon Nov 28 14:05:54 PST 2011

/usr/bin/uname -p = unknown
/bin/uname -X     = unknown

/bin/arch              = x86_64
/usr/bin/arch -k       = unknown
/usr/convex/getsysinfo = unknown
hostinfo               = unknown
/bin/machine           = unknown
/usr/bin/oslevel       = unknown
/bin/universe          = unknown

PATH: /usr/local/jdk-6u7-32//bin
PATH: /home/dhruba/maven/bin
PATH: /home/dhruba/bin/
PATH: /home/dhruba/external/apache-ant-1.8.1/bin/
PATH: /usr/local/java/bin/
PATH: ~/pl/bin
PATH: ~/maven/bin
PATH: /home/dhruba/apache-ant-1.7.0/bin
PATH: /usr/kerberos/bin
PATH: /opt/local/bin
PATH: /usr/local/bin
PATH: /bin
PATH: /usr/bin
PATH: /usr/facebook/scripts
PATH: /home/engshare/devtools/facebook/bin
PATH: /home/engshare/svnroot/tfb/trunk/www/scripts/bin
PATH: /home/engshare/admin/scripts/git
PATH: /home/engshare/admin/scripts
PATH: /home/dhruba/www/scripts/bin
PATH: /home/dhruba/bin


## ----------- ##
## Core tests. ##
## ----------- ##

configure:1420: checking for a BSD-compatible install
configure:1475: result: /usr/bin/install -c
configure:1486: checking whether build environment is sane
configure:1529: result: yes
configure:1594: checking for gawk
configure:1610: found /bin/gawk
configure:1620: result: gawk
configure:1630: checking whether make sets $(MAKE)
configure:1650: result: yes
configure:1915: checking for C++ compiler version
configure:1918: /mnt/gvfs/third-party/d28c90311ca14f9f0b2bb720f4e34b285513d4f4/centos5.2-native/gcc/gcc-4.6.2-glibc-2.13/bin/g++   -I ./snappy  -I /mnt/gvfs/third-party/d28c90311ca14f9f0b2bb720f4e34b285513d4f4/gcc-4.6.2-glibc-2.13/boost/default/eed002c/include -std=gnu++0x -I./thrift -I./thrift/gen-cpp -I./thrift/lib/cpp --version </dev/null >&5
g++ (GCC) 4.6.2 20111027 (Red Hat 4.6.2-1)
Copyright (C) 2011 Free Software Foundation, Inc.
This is free software; see the source for copying conditions.  There is NO
warranty; not even for MERCHANTABILITY or FITNESS FOR A PARTICULAR PURPOSE.

configure:1921: $? = 0
configure:1923: /mnt/gvfs/third-party/d28c90311ca14f9f0b2bb720f4e34b285513d4f4/centos5.2-native/gcc/gcc-4.6.2-glibc-2.13/bin/g++   -I ./snappy  -I /mnt/gvfs/third-party/d28c90311ca14f9f0b2bb720f4e34b285513d4f4/gcc-4.6.2-glibc-2.13/boost/default/eed002c/include -std=gnu++0x -I./thrift -I./thrift/gen-cpp -I./thrift/lib/cpp -v </dev/null >&5
Using built-in specs.
COLLECT_GCC=/mnt/gvfs/third-party/d28c90311ca14f9f0b2bb720f4e34b285513d4f4/centos5.2-native/gcc/gcc-4.6.2/cc6c9dc/bin/g++
COLLECT_LTO_WRAPPER=/mnt/gvfs/third-party/d28c90311ca14f9f0b2bb720f4e34b285513d4f4/centos5.2-native/gcc/gcc-4.6.2/cc6c9dc/bin/../libexec/gcc/x86_64-redhat-linux-gnu/4.6.2/lto-wrapper
Target: x86_64-redhat-linux-gnu
Configured with: /home/engshare/third-party/src/gcc/gcc-4.6.2/gcc-4.6.2-20111027/configure --build=x86_64-redhat-linux-gnu --host=x86_64-redhat-linux-gnu --target=x86_64-redhat-linux-gnu --prefix=/home/engshare/third-party/centos5.2-native/gcc/gcc-4.6.2/cc6c9dc --exec-prefix=/home/engshare/third-party/centos5.2-native/gcc/gcc-4.6.2/cc6c9dc --bindir=/home/engshare/third-party/centos5.2-native/gcc/gcc-4.6.2/cc6c9dc/bin --sbindir=/home/engshare/third-party/centos5.2-native/gcc/gcc-4.6.2/cc6c9dc/sbin --sysconfdir=/home/engshare/third-party/centos5.2-native/gcc/gcc-4.6.2/cc6c9dc/etc --datadir=/home/engshare/third-party/centos5.2-native/gcc/gcc-4.6.2/cc6c9dc/share --includedir=/home/engshare/third-party/centos5.2-native/gcc/gcc-4.6.2/cc6c9dc/include --libdir=/home/engshare/third-party/centos5.2-native/gcc/gcc-4.6.2/cc6c9dc/lib --libexecdir=/home/engshare/third-party/centos5.2-native/gcc/gcc-4.6.2/cc6c9dc/libexec --localstatedir=/home/engshare/third-party/centos5.2-native/gcc/gcc-4.6.2/cc6c9dc/var --sharedstatedir=/home/engshare/third-party/centos5.2-native/gcc/gcc-4.6.2/cc6c9dc/com --mandir=/home/engshare/third-party/centos5.2-native/gcc/gcc-4.6.2/cc6c9dc/share/man --infodir=/home/engshare/third-party/centos5.2-native/gcc/gcc-4.6.2/cc6c9dc/share/info --with-gmp=/home/engshare/third-party/centos5.2-native/gmp/gmp-5.0.1/da39a3e --with-mpfr=/home/engshare/third-party/centos5.2-native/mpfr/mpfr-3.0.0/c68f0aa --with-mpc=/home/engshare/third-party/centos5.2-native/mpc/mpc-0.8.2/18cfc0e --with-ppl=/home/engshare/third-party/centos5.2-native/ppl/ppl-0.10/c68f0aa --with-cloog=/home/engshare/third-party/centos5.2-native/cloog/cloog-0.15.7/ab7be4d --enable-bootstrap --enable-shared --enable-threads=posix --enable-checking=release --with-system-zlib --enable-__cxa_atexit --disable-libunwind-exceptions --enable-languages=c,c++ --disable-libgcj --disable-libgfortran --enable-linker-build-id --with-gnu-as --with-gnu-ld --with-host-libstdcxx='-L/usr/lib/gcc/x86_64-redhat-linux/4.1.2 -lstdc++'
Thread model: posix
gcc version 4.6.2 20111027 (Red Hat 4.6.2-1) (GCC) 
COMPILER_PATH=/mnt/gvfs/third-party/d28c90311ca14f9f0b2bb720f4e34b285513d4f4/centos5.2-native/gcc/gcc-4.6.2/cc6c9dc/bin/../libexec/gcc/x86_64-redhat-linux-gnu/4.6.2/:/mnt/gvfs/third-party/d28c90311ca14f9f0b2bb720f4e34b285513d4f4/centos5.2-native/gcc/gcc-4.6.2/cc6c9dc/bin/../libexec/gcc/:/mnt/gvfs/third-party/d28c90311ca14f9f0b2bb720f4e34b285513d4f4/centos5.2-native/gcc/gcc-4.6.2/cc6c9dc/bin/:/mnt/gvfs/third-party/d28c90311ca14f9f0b2bb720f4e34b285513d4f4/centos5.2-native/binutils/binutils-2.21.1/da39a3e/bin/
LIBRARY_PATH=/mnt/gvfs/third-party/d28c90311ca14f9f0b2bb720f4e34b285513d4f4/centos5.2-native/gcc/gcc-4.6.2/cc6c9dc/bin/../lib/gcc/x86_64-redhat-linux-gnu/4.6.2/:/mnt/gvfs/third-party/d28c90311ca14f9f0b2bb720f4e34b285513d4f4/centos5.2-native/gcc/gcc-4.6.2/cc6c9dc/bin/../lib/gcc/:/mnt/gvfs/third-party/d28c90311ca14f9f0b2bb720f4e34b285513d4f4/gcc-4.6.2-glibc-2.13/glibc/glibc-2.13/5c2e919/lib/../lib64/:/mnt/gvfs/third-party/d28c90311ca14f9f0b2bb720f4e34b285513d4f4/gcc-4.6.2-glibc-2.13/libgcc/libgcc-4.6.2/b4e37bb/lib64/../lib64/:/mnt/gvfs/third-party/d28c90311ca14f9f0b2bb720f4e34b285513d4f4/centos5.2-native/gcc/gcc-4.6.2/cc6c9dc/bin/../lib/gcc/x86_64-redhat-linux-gnu/4.6.2/../../../../lib64/:/lib/../lib64/:/usr/lib/../lib64/:/mnt/gvfs/third-party/d28c90311ca14f9f0b2bb720f4e34b285513d4f4/gcc-4.6.2-glibc-2.13/glibc/glibc-2.13/5c2e919/lib/:/mnt/gvfs/third-party/d28c90311ca14f9f0b2bb720f4e34b285513d4f4/gcc-4.6.2-glibc-2.13/libgcc/libgcc-4.6.2/b4e37bb/lib64/:/mnt/gvfs/third-party/d28c90311ca14f9f0b2bb720f4e34b285513d4f4/centos5.2-native/gcc/gcc-4.6.2/cc6c9dc/bin/../lib/gcc/x86_64-redhat-linux-gnu/4.6.2/../../../:/lib/:/usr/lib/
COLLECT_GCC_OPTIONS='-nostdinc' '-I' './snappy' '-I' '/mnt/gvfs/third-party/d28c90311ca14f9f0b2bb720f4e34b285513d4f4/gcc-4.6.2-glibc-2.13/boost/default/eed002c/include' '-std=gnu++0x' '-I' './thrift' '-I' './thrift/gen-cpp' '-I' './thrift/lib/cpp' '-v' '-shared-libgcc' '-mtune=generic' '-march=x86-64'
 /mnt/gvfs/third-party/d28c90311ca14f9f0b2bb720f4e34b285513d4f4/centos5.2-native/gcc/gcc-4.6.2/cc6c9dc/bin/../libexec/gcc/x86_64-redhat-linux-gnu/4.6.2/collect2 --no-add-needed --eh-frame-hdr -m elf_x86_64 --hash-style=gnu -dynamic-linker /lib64/ld-linux-x86-64.so.2 /mnt/gvfs/third-party/d28c90311ca14f9f0b2bb720f4e34b285513d4f4/gcc-4.6.2-glibc-2.13/glibc/glibc-2.13/5c2e919/lib/../lib64/crt1.o /mnt/gvfs/third-party/d28c90311ca14f9f0b2bb720f4e34b285513d4f4/gcc-4.6.2-glibc-2.13/glibc/glibc-2.13/5c2e919/lib/../lib64/crti.o /mnt/gvfs/third-party/d28c90311ca14f9f0b2bb720f4e34b285513d4f4/centos5.2-native/gcc/gcc-4.6.2/cc6c9dc/bin/../lib/gcc/x86_64-redhat-linux-gnu/4.6.2/crtbegin.o -L/mnt/gvfs/third-party/d28c90311ca14f9f0b2bb720f4e34b285513d4f4/centos5.2-native/gcc/gcc-4.6.2/cc6c9dc/bin/../lib/gcc/x86_64-redhat-linux-gnu/4.6.2 -L/mnt/gvfs/third-party/d28c90311ca14f9f0b2bb720f4e34b285513d4f4/centos5.2-native/gcc/gcc-4.6.2/cc6c9dc/bin/../lib/gcc -L/mnt/gvfs/third-party/d28c90311ca14f9f0b2bb720f4e34b285513d4f4/gcc-4.6.2-glibc-2.13/glibc/glibc-2.13/5c2e919/lib/../lib64 -L/mnt/gvfs/third-party/d28c90311ca14f9f0b2bb720f4e34b285513d4f4/gcc-4.6.2-glibc-2.13/libgcc/libgcc-4.6.2/b4e37bb/lib64/../lib64 -L/mnt/gvfs/third-party/d28c90311ca14f9f0b2bb720f4e34b285513d4f4/centos5.2-native/gcc/gcc-4.6.2/cc6c9dc/bin/../lib/gcc/x86_64-redhat-linux-gnu/4.6.2/../../../../lib64 -L/lib/../lib64 -L/usr/lib/../lib64 -L/mnt/gvfs/third-party/d28c90311ca14f9f0b2bb720f4e34b285513d4f4/gcc-4.6.2-glibc-2.13/glibc/glibc-2.13/5c2e919/lib -L/mnt/gvfs/third-party/d28c90311ca14f9f0b2bb720f4e34b285513d4f4/gcc-4.6.2-glibc-2.13/libgcc/libgcc-4.6.2/b4e37bb/lib64 -L/mnt/gvfs/third-party/d28c90311ca14f9f0b2bb720f4e34b285513d4f4/centos5.2-native/gcc/gcc-4.6.2/cc6c9dc/bin/../lib/gcc/x86_64-redhat-linux-gnu/4.6.2/../../.. --dynamic-linker /usr/local/fbcode/gcc-4.6.2-glibc-2.13/lib/ld-linux-x86-64.so.2 -lstdc++ -lm -lgcc_s -lgcc -lc -lgcc_s -lgcc /mnt/gvfs/third-party/d28c90311ca14f9f0b2bb720f4e34b285513d4f4/centos5.2-native/gcc/gcc-4.6.2/cc6c9dc/bin/../lib/gcc/x86_64-redhat-linux-gnu/4.6.2/crtend.o /mnt/gvfs/third-party/d28c90311ca14f9f0b2bb720f4e34b285513d4f4/gcc-4.6.2-glibc-2.13/glibc/glibc-2.13/5c2e919/lib/../lib64/crtn.o
/mnt/gvfs/third-party/d28c90311ca14f9f0b2bb720f4e34b285513d4f4/gcc-4.6.2-glibc-2.13/glibc/glibc-2.13/5c2e919/lib/../lib64/crt1.o: In function `_start':
/home/engshare/third-party/src/glibc/glibc-2.13/glibc-2.13/csu/../sysdeps/x86_64/elf/start.S:109: undefined reference to `main'
collect2: ld returned 1 exit status
configure:1926: $? = 1
configure:1928: /mnt/gvfs/third-party/d28c90311ca14f9f0b2bb720f4e34b285513d4f4/centos5.2-native/gcc/gcc-4.6.2-glibc-2.13/bin/g++   -I ./snappy  -I /mnt/gvfs/third-party/d28c90311ca14f9f0b2bb720f4e34b285513d4f4/gcc-4.6.2-glibc-2.13/boost/default/eed002c/include -std=gnu++0x -I./thrift -I./thrift/gen-cpp -I./thrift/lib/cpp -V </dev/null >&5
g++: error: unrecognized option '-V'
configure:1931: $? = 1
configure:1954: checking for C++ compiler default output file name
configure:1957: /mnt/gvfs/third-party/d28c90311ca14f9f0b2bb720f4e34b285513d4f4/centos5.2-native/gcc/gcc-4.6.2-glibc-2.13/bin/g++   -I ./snappy  -I /mnt/gvfs/third-party/d28c90311ca14f9f0b2bb720f4e34b285513d4f4/gcc-4.6.2-glibc-2.13/boost/default/eed002c/include -std=gnu++0x -I./thrift -I./thrift/gen-cpp -I./thrift/lib/cpp    conftest.cc  >&5
configure:1960: $? = 0
configure:2006: result: a.out
configure:2011: checking whether the C++ compiler works
configure:2017: ./a.out
configure:2020: $? = 0
configure:2037: result: yes
configure:2044: checking whether we are cross compiling
configure:2046: result: no
configure:2049: checking for suffix of executables
configure:2051: /mnt/gvfs/third-party/d28c90311ca14f9f0b2bb720f4e34b285513d4f4/centos5.2-native/gcc/gcc-4.6.2-glibc-2.13/bin/g++   -I ./snappy  -I /mnt/gvfs/third-party/d28c90311ca14f9f0b2bb720f4e34b285513d4f4/gcc-4.6.2-glibc-2.13/boost/default/eed002c/include -std=gnu++0x -I./thrift -I./thrift/gen-cpp -I./thrift/lib/cpp -o conftest    conftest.cc  >&5
configure:2054: $? = 0
configure:2079: result: 
configure:2085: checking for suffix of object files
configure:2106: /mnt/gvfs/third-party/d28c90311ca14f9f0b2bb720f4e34b285513d4f4/centos5.2-native/gcc/gcc-4.6.2-glibc-2.13/bin/g++   -I ./snappy  -I /mnt/gvfs/third-party/d28c90311ca14f9f0b2bb720f4e34b285513d4f4/gcc-4.6.2-glibc-2.13/boost/default/eed002c/include -std=gnu++0x -I./thrift -I./thrift/gen-cpp -I./thrift/lib/cpp -c   conftest.cc >&5
configure:2109: $? = 0
configure:2131: result: o
configure:2135: checking whether we are using the GNU C++ compiler
configure:2159: /mnt/gvfs/third-party/d28c90311ca14f9f0b2bb720f4e34b285513d4f4/centos5.2-native/gcc/gcc-4.6.2-glibc-2.13/bin/g++   -I ./snappy  -I /mnt/gvfs/third-party/d28c90311ca14f9f0b2bb720f4e34b285513d4f4/gcc-4.6.2-glibc-2.13/boost/default/eed002c/include -std=gnu++0x -I./thrift -I./thrift/gen-cpp -I./thrift/lib/cpp -c   conftest.cc >&5
configure:2165: $? = 0
configure:2169: test -z 
			 || test ! -s conftest.err
configure:2172: $? = 0
configure:2175: test -s conftest.o
configure:2178: $? = 0
configure:2191: result: yes
configure:2197: checking whether /mnt/gvfs/third-party/d28c90311ca14f9f0b2bb720f4e34b285513d4f4/centos5.2-native/gcc/gcc-4.6.2-glibc-2.13/bin/g++   -I ./snappy  -I /mnt/gvfs/third-party/d28c90311ca14f9f0b2bb720f4e34b285513d4f4/gcc-4.6.2-glibc-2.13/boost/default/eed002c/include -std=gnu++0x -I./thrift -I./thrift/gen-cpp -I./thrift/lib/cpp accepts -g
configure:2218: /mnt/gvfs/third-party/d28c90311ca14f9f0b2bb720f4e34b285513d4f4/centos5.2-native/gcc/gcc-4.6.2-glibc-2.13/bin/g++   -I ./snappy  -I /mnt/gvfs/third-party/d28c90311ca14f9f0b2bb720f4e34b285513d4f4/gcc-4.6.2-glibc-2.13/boost/default/eed002c/include -std=gnu++0x -I./thrift -I./thrift/gen-cpp -I./thrift/lib/cpp -c -g  conftest.cc >&5
configure:2224: $? = 0
configure:2228: test -z 
			 || test ! -s conftest.err
configure:2231: $? = 0
configure:2234: test -s conftest.o
configure:2237: $? = 0
configure:2248: result: yes
configure:2290: /mnt/gvfs/third-party/d28c90311ca14f9f0b2bb720f4e34b285513d4f4/centos5.2-native/gcc/gcc-4.6.2-glibc-2.13/bin/g++   -I ./snappy  -I /mnt/gvfs/third-party/d28c90311ca14f9f0b2bb720f4e34b285513d4f4/gcc-4.6.2-glibc-2.13/boost/default/eed002c/include -std=gnu++0x -I./thrift -I./thrift/gen-cpp -I./thrift/lib/cpp -c -g -O2  conftest.cc >&5
configure:2296: $? = 0
configure:2300: test -z 
			 || test ! -s conftest.err
configure:2303: $? = 0
configure:2306: test -s conftest.o
configure:2309: $? = 0
configure:2335: /mnt/gvfs/third-party/d28c90311ca14f9f0b2bb720f4e34b285513d4f4/centos5.2-native/gcc/gcc-4.6.2-glibc-2.13/bin/g++   -I ./snappy  -I /mnt/gvfs/third-party/d28c90311ca14f9f0b2bb720f4e34b285513d4f4/gcc-4.6.2-glibc-2.13/boost/default/eed002c/include -std=gnu++0x -I./thrift -I./thrift/gen-cpp -I./thrift/lib/cpp -c -g -O2  conftest.cc >&5
conftest.cc: In function 'int main()':
conftest.cc:15:9: error: 'exit' was not declared in this scope
configure:2341: $? = 1
configure: failed program was:
| /* confdefs.h.  */
| 
| #define PACKAGE_NAME "snappy"
| #define PACKAGE_TARNAME "snappy"
| #define PACKAGE_VERSION "1.0.5"
| #define PACKAGE_STRING "snappy 1.0.5"
| #define PACKAGE_BUGREPORT ""
| #define PACKAGE "snappy"
| #define VERSION "1.0.5"
| /* end confdefs.h.  */
| 
| int
| main ()
| {
| exit (42);
|   ;
|   return 0;
| }
configure:2290: /mnt/gvfs/third-party/d28c90311ca14f9f0b2bb720f4e34b285513d4f4/centos5.2-native/gcc/gcc-4.6.2-glibc-2.13/bin/g++   -I ./snappy  -I /mnt/gvfs/third-party/d28c90311ca14f9f0b2bb720f4e34b285513d4f4/gcc-4.6.2-glibc-2.13/boost/default/eed002c/include -std=gnu++0x -I./thrift -I./thrift/gen-cpp -I./thrift/lib/cpp -c -g -O2  conftest.cc >&5
conftest.cc:11:40: error: 'void std::exit(int)' should have been declared inside 'std'
configure:2296: $? = 1
configure: failed program was:
| /* confdefs.h.  */
| 
| #define PACKAGE_NAME "snappy"
| #define PACKAGE_TARNAME "snappy"
| #define PACKAGE_VERSION "1.0.5"
| #define PACKAGE_STRING "snappy 1.0.5"
| #define PACKAGE_BUGREPORT ""
| #define PACKAGE "snappy"
| #define VERSION "1.0.5"
| /* end confdefs.h.  */
| extern "C" void std::exit (int) throw (); using std::exit;
| #include <stdlib.h>
| int
| main ()
| {
| exit (42);
|   ;
|   return 0;
| }
configure:2290: /mnt/gvfs/third-party/d28c90311ca14f9f0b2bb720f4e34b285513d4f4/centos5.2-native/gcc/gcc-4.6.2-glibc-2.13/bin/g++   -I ./snappy  -I /mnt/gvfs/third-party/d28c90311ca14f9f0b2bb720f4e34b285513d4f4/gcc-4.6.2-glibc-2.13/boost/default/eed002c/include -std=gnu++0x -I./thrift -I./thrift/gen-cpp -I./thrift/lib/cpp -c -g -O2  conftest.cc >&5
conftest.cc:11:31: error: 'void std::exit(int)' should have been declared inside 'std'
In file included from conftest.cc:12:0:
/mnt/gvfs/third-party/d28c90311ca14f9f0b2bb720f4e34b285513d4f4/gcc-4.6.2-glibc-2.13/glibc/glibc-2.13/5c2e919/include/stdlib.h:544:70: error: declaration of 'void std::exit(int) throw ()' has a different exception specifier
conftest.cc:11:17: error: from previous declaration 'void std::exit(int)'
configure:2296: $? = 1
configure: failed program was:
| /* confdefs.h.  */
| 
| #define PACKAGE_NAME "snappy"
| #define PACKAGE_TARNAME "snappy"
| #define PACKAGE_VERSION "1.0.5"
| #define PACKAGE_STRING "snappy 1.0.5"
| #define PACKAGE_BUGREPORT ""
| #define PACKAGE "snappy"
| #define VERSION "1.0.5"
| /* end confdefs.h.  */
| extern "C" void std::exit (int); using std::exit;
| #include <stdlib.h>
| int
| main ()
| {
| exit (42);
|   ;
|   return 0;
| }
configure:2290: /mnt/gvfs/third-party/d28c90311ca14f9f0b2bb720f4e34b285513d4f4/centos5.2-native/gcc/gcc-4.6.2-glibc-2.13/bin/g++   -I ./snappy  -I /mnt/gvfs/third-party/d28c90311ca14f9f0b2bb720f4e34b285513d4f4/gcc-4.6.2-glibc-2.13/boost/default/eed002c/include -std=gnu++0x -I./thrift -I./thrift/gen-cpp -I./thrift/lib/cpp -c -g -O2  conftest.cc >&5
configure:2296: $? = 0
configure:2300: test -z 
			 || test ! -s conftest.err
configure:2303: $? = 0
configure:2306: test -s conftest.o
configure:2309: $? = 0
configure:2335: /mnt/gvfs/third-party/d28c90311ca14f9f0b2bb720f4e34b285513d4f4/centos5.2-native/gcc/gcc-4.6.2-glibc-2.13/bin/g++   -I ./snappy  -I /mnt/gvfs/third-party/d28c90311ca14f9f0b2bb720f4e34b285513d4f4/gcc-4.6.2-glibc-2.13/boost/default/eed002c/include -std=gnu++0x -I./thrift -I./thrift/gen-cpp -I./thrift/lib/cpp -c -g -O2  conftest.cc >&5
configure:2341: $? = 0
configure:2345: test -z 
			 || test ! -s conftest.err
configure:2348: $? = 0
configure:2351: test -s conftest.o
configure:2354: $? = 0
configure:2388: checking for style of include used by make
configure:2416: result: GNU
configure:2444: checking dependency style of /mnt/gvfs/third-party/d28c90311ca14f9f0b2bb720f4e34b285513d4f4/centos5.2-native/gcc/gcc-4.6.2-glibc-2.13/bin/g++   -I ./snappy  -I /mnt/gvfs/third-party/d28c90311ca14f9f0b2bb720f4e34b285513d4f4/gcc-4.6.2-glibc-2.13/boost/default/eed002c/include -std=gnu++0x -I./thrift -I./thrift/gen-cpp -I./thrift/lib/cpp
configure:2534: result: gcc3
configure:2558: checking whether byte ordering is bigendian
configure:2585: /mnt/gvfs/third-party/d28c90311ca14f9f0b2bb720f4e34b285513d4f4/centos5.2-native/gcc/gcc-4.6.2-glibc-2.13/bin/g++   -I ./snappy  -I /mnt/gvfs/third-party/d28c90311ca14f9f0b2bb720f4e34b285513d4f4/gcc-4.6.2-glibc-2.13/boost/default/eed002c/include -std=gnu++0x -I./thrift -I./thrift/gen-cpp -I./thrift/lib/cpp -c -g -O2  conftest.cc >&5
configure:2591: $? = 0
configure:2595: test -z 
			 || test ! -s conftest.err
configure:2598: $? = 0
configure:2601: test -s conftest.o
configure:2604: $? = 0
configure:2628: /mnt/gvfs/third-party/d28c90311ca14f9f0b2bb720f4e34b285513d4f4/centos5.2-native/gcc/gcc-4.6.2-glibc-2.13/bin/g++   -I ./snappy  -I /mnt/gvfs/third-party/d28c90311ca14f9f0b2bb720f4e34b285513d4f4/gcc-4.6.2-glibc-2.13/boost/default/eed002c/include -std=gnu++0x -I./thrift -I./thrift/gen-cpp -I./thrift/lib/cpp -c -g -O2  conftest.cc >&5
conftest.cc: In function 'int main()':
conftest.cc:21:6: error: 'big' was not declared in this scope
conftest.cc:21:10: error: expected ';' before 'endian'
configure:2634: $? = 1
configure: failed program was:
| /* confdefs.h.  */
| 
| #define PACKAGE_NAME "snappy"
| #define PACKAGE_TARNAME "snappy"
| #define PACKAGE_VERSION "1.0.5"
| #define PACKAGE_STRING "snappy 1.0.5"
| #define PACKAGE_BUGREPORT ""
| #define PACKAGE "snappy"
| #define VERSION "1.0.5"
| #ifdef __cplusplus
| extern "C" void exit (int) throw ();
| #endif
| /* end confdefs.h.  */
| #include <sys/types.h>
| #include <sys/param.h>
| 
| int
| main ()
| {
| #if BYTE_ORDER != BIG_ENDIAN
|  not big endian
| #endif
| 
|   ;
|   return 0;
| }
configure:2769: result: no
configure:2793: checking how to run the C++ preprocessor
configure:2824: /mnt/gvfs/third-party/d28c90311ca14f9f0b2bb720f4e34b285513d4f4/centos5.2-native/gcc/gcc-4.6.2-glibc-2.13/bin/g++   -I ./snappy  -I /mnt/gvfs/third-party/d28c90311ca14f9f0b2bb720f4e34b285513d4f4/gcc-4.6.2-glibc-2.13/boost/default/eed002c/include -std=gnu++0x -I./thrift -I./thrift/gen-cpp -I./thrift/lib/cpp -E  conftest.cc
configure:2830: $? = 0
configure:2862: /mnt/gvfs/third-party/d28c90311ca14f9f0b2bb720f4e34b285513d4f4/centos5.2-native/gcc/gcc-4.6.2-glibc-2.13/bin/g++   -I ./snappy  -I /mnt/gvfs/third-party/d28c90311ca14f9f0b2bb720f4e34b285513d4f4/gcc-4.6.2-glibc-2.13/boost/default/eed002c/include -std=gnu++0x -I./thrift -I./thrift/gen-cpp -I./thrift/lib/cpp -E  conftest.cc
conftest.cc:14:28: fatal error: ac_nonexistent.h: No such file or directory
compilation terminated.
configure:2868: $? = 1
configure: failed program was:
| /* confdefs.h.  */
| 
| #define PACKAGE_NAME "snappy"
| #define PACKAGE_TARNAME "snappy"
| #define PACKAGE_VERSION "1.0.5"
| #define PACKAGE_STRING "snappy 1.0.5"
| #define PACKAGE_BUGREPORT ""
| #define PACKAGE "snappy"
| #define VERSION "1.0.5"
| #ifdef __cplusplus
| extern "C" void exit (int) throw ();
| #endif
| /* end confdefs.h.  */
| #include <ac_nonexistent.h>
configure:2907: result: /mnt/gvfs/third-party/d28c90311ca14f9f0b2bb720f4e34b285513d4f4/centos5.2-native/gcc/gcc-4.6.2-glibc-2.13/bin/g++   -I ./snappy  -I /mnt/gvfs/third-party/d28c90311ca14f9f0b2bb720f4e34b285513d4f4/gcc-4.6.2-glibc-2.13/boost/default/eed002c/include -std=gnu++0x -I./thrift -I./thrift/gen-cpp -I./thrift/lib/cpp -E
configure:2931: /mnt/gvfs/third-party/d28c90311ca14f9f0b2bb720f4e34b285513d4f4/centos5.2-native/gcc/gcc-4.6.2-glibc-2.13/bin/g++   -I ./snappy  -I /mnt/gvfs/third-party/d28c90311ca14f9f0b2bb720f4e34b285513d4f4/gcc-4.6.2-glibc-2.13/boost/default/eed002c/include -std=gnu++0x -I./thrift -I./thrift/gen-cpp -I./thrift/lib/cpp -E  conftest.cc
configure:2937: $? = 0
configure:2969: /mnt/gvfs/third-party/d28c90311ca14f9f0b2bb720f4e34b285513d4f4/centos5.2-native/gcc/gcc-4.6.2-glibc-2.13/bin/g++   -I ./snappy  -I /mnt/gvfs/third-party/d28c90311ca14f9f0b2bb720f4e34b285513d4f4/gcc-4.6.2-glibc-2.13/boost/default/eed002c/include -std=gnu++0x -I./thrift -I./thrift/gen-cpp -I./thrift/lib/cpp -E  conftest.cc
conftest.cc:14:28: fatal error: ac_nonexistent.h: No such file or directory
compilation terminated.
configure:2975: $? = 1
configure: failed program was:
| /* confdefs.h.  */
| 
| #define PACKAGE_NAME "snappy"
| #define PACKAGE_TARNAME "snappy"
| #define PACKAGE_VERSION "1.0.5"
| #define PACKAGE_STRING "snappy 1.0.5"
| #define PACKAGE_BUGREPORT ""
| #define PACKAGE "snappy"
| #define VERSION "1.0.5"
| #ifdef __cplusplus
| extern "C" void exit (int) throw ();
| #endif
| /* end confdefs.h.  */
| #include <ac_nonexistent.h>
configure:3019: checking for egrep
configure:3029: result: grep -E
configure:3034: checking for ANSI C header files
configure:3059: /mnt/gvfs/third-party/d28c90311ca14f9f0b2bb720f4e34b285513d4f4/centos5.2-native/gcc/gcc-4.6.2-glibc-2.13/bin/g++   -I ./snappy  -I /mnt/gvfs/third-party/d28c90311ca14f9f0b2bb720f4e34b285513d4f4/gcc-4.6.2-glibc-2.13/boost/default/eed002c/include -std=gnu++0x -I./thrift -I./thrift/gen-cpp -I./thrift/lib/cpp -c -g -O2  conftest.cc >&5
configure:3065: $? = 0
configure:3069: test -z 
			 || test ! -s conftest.err
configure:3072: $? = 0
configure:3075: test -s conftest.o
configure:3078: $? = 0
configure:3167: /mnt/gvfs/third-party/d28c90311ca14f9f0b2bb720f4e34b285513d4f4/centos5.2-native/gcc/gcc-4.6.2-glibc-2.13/bin/g++   -I ./snappy  -I /mnt/gvfs/third-party/d28c90311ca14f9f0b2bb720f4e34b285513d4f4/gcc-4.6.2-glibc-2.13/boost/default/eed002c/include -std=gnu++0x -I./thrift -I./thrift/gen-cpp -I./thrift/lib/cpp -o conftest -g -O2   conftest.cc  >&5
configure:3170: $? = 0
configure:3172: ./conftest
configure:3175: $? = 0
configure:3190: result: yes
configure:3214: checking for sys/types.h
configure:3230: /mnt/gvfs/third-party/d28c90311ca14f9f0b2bb720f4e34b285513d4f4/centos5.2-native/gcc/gcc-4.6.2-glibc-2.13/bin/g++   -I ./snappy  -I /mnt/gvfs/third-party/d28c90311ca14f9f0b2bb720f4e34b285513d4f4/gcc-4.6.2-glibc-2.13/boost/default/eed002c/include -std=gnu++0x -I./thrift -I./thrift/gen-cpp -I./thrift/lib/cpp -c -g -O2  conftest.cc >&5
configure:3236: $? = 0
configure:3240: test -z 
			 || test ! -s conftest.err
configure:3243: $? = 0
configure:3246: test -s conftest.o
configure:3249: $? = 0
configure:3260: result: yes
configure:3214: checking for sys/stat.h
configure:3230: /mnt/gvfs/third-party/d28c90311ca14f9f0b2bb720f4e34b285513d4f4/centos5.2-native/gcc/gcc-4.6.2-glibc-2.13/bin/g++   -I ./snappy  -I /mnt/gvfs/third-party/d28c90311ca14f9f0b2bb720f4e34b285513d4f4/gcc-4.6.2-glibc-2.13/boost/default/eed002c/include -std=gnu++0x -I./thrift -I./thrift/gen-cpp -I./thrift/lib/cpp -c -g -O2  conftest.cc >&5
configure:3236: $? = 0
configure:3240: test -z 
			 || test ! -s conftest.err
configure:3243: $? = 0
configure:3246: test -s conftest.o
configure:3249: $? = 0
configure:3260: result: yes
configure:3214: checking for stdlib.h
configure:3230: /mnt/gvfs/third-party/d28c90311ca14f9f0b2bb720f4e34b285513d4f4/centos5.2-native/gcc/gcc-4.6.2-glibc-2.13/bin/g++   -I ./snappy  -I /mnt/gvfs/third-party/d28c90311ca14f9f0b2bb720f4e34b285513d4f4/gcc-4.6.2-glibc-2.13/boost/default/eed002c/include -std=gnu++0x -I./thrift -I./thrift/gen-cpp -I./thrift/lib/cpp -c -g -O2  conftest.cc >&5
configure:3236: $? = 0
configure:3240: test -z 
			 || test ! -s conftest.err
configure:3243: $? = 0
configure:3246: test -s conftest.o
configure:3249: $? = 0
configure:3260: result: yes
configure:3214: checking for string.h
configure:3230: /mnt/gvfs/third-party/d28c90311ca14f9f0b2bb720f4e34b285513d4f4/centos5.2-native/gcc/gcc-4.6.2-glibc-2.13/bin/g++   -I ./snappy  -I /mnt/gvfs/third-party/d28c90311ca14f9f0b2bb720f4e34b285513d4f4/gcc-4.6.2-glibc-2.13/boost/default/eed002c/include -std=gnu++0x -I./thrift -I./thrift/gen-cpp -I./thrift/lib/cpp -c -g -O2  conftest.cc >&5
configure:3236: $? = 0
configure:3240: test -z 
			 || test ! -s conftest.err
configure:3243: $? = 0
configure:3246: test -s conftest.o
configure:3249: $? = 0
configure:3260: result: yes
configure:3214: checking for memory.h
configure:3230: /mnt/gvfs/third-party/d28c90311ca14f9f0b2bb720f4e34b285513d4f4/centos5.2-native/gcc/gcc-4.6.2-glibc-2.13/bin/g++   -I ./snappy  -I /mnt/gvfs/third-party/d28c90311ca14f9f0b2bb720f4e34b285513d4f4/gcc-4.6.2-glibc-2.13/boost/default/eed002c/include -std=gnu++0x -I./thrift -I./thrift/gen-cpp -I./thrift/lib/cpp -c -g -O2  conftest.cc >&5
configure:3236: $? = 0
configure:3240: test -z 
			 || test ! -s conftest.err
configure:3243: $? = 0
configure:3246: test -s conftest.o
configure:3249: $? = 0
configure:3260: result: yes
configure:3214: checking for strings.h
configure:3230: /mnt/gvfs/third-party/d28c90311ca14f9f0b2bb720f4e34b285513d4f4/centos5.2-native/gcc/gcc-4.6.2-glibc-2.13/bin/g++   -I ./snappy  -I /mnt/gvfs/third-party/d28c90311ca14f9f0b2bb720f4e34b285513d4f4/gcc-4.6.2-glibc-2.13/boost/default/eed002c/include -std=gnu++0x -I./thrift -I./thrift/gen-cpp -I./thrift/lib/cpp -c -g -O2  conftest.cc >&5
configure:3236: $? = 0
configure:3240: test -z 
			 || test ! -s conftest.err
configure:3243: $? = 0
configure:3246: test -s conftest.o
configure:3249: $? = 0
configure:3260: result: yes
configure:3214: checking for inttypes.h
configure:3230: /mnt/gvfs/third-party/d28c90311ca14f9f0b2bb720f4e34b285513d4f4/centos5.2-native/gcc/gcc-4.6.2-glibc-2.13/bin/g++   -I ./snappy  -I /mnt/gvfs/third-party/d28c90311ca14f9f0b2bb720f4e34b285513d4f4/gcc-4.6.2-glibc-2.13/boost/default/eed002c/include -std=gnu++0x -I./thrift -I./thrift/gen-cpp -I./thrift/lib/cpp -c -g -O2  conftest.cc >&5
configure:3236: $? = 0
configure:3240: test -z 
			 || test ! -s conftest.err
configure:3243: $? = 0
configure:3246: test -s conftest.o
configure:3249: $? = 0
configure:3260: result: yes
configure:3214: checking for stdint.h
configure:3230: /mnt/gvfs/third-party/d28c90311ca14f9f0b2bb720f4e34b285513d4f4/centos5.2-native/gcc/gcc-4.6.2-glibc-2.13/bin/g++   -I ./snappy  -I /mnt/gvfs/third-party/d28c90311ca14f9f0b2bb720f4e34b285513d4f4/gcc-4.6.2-glibc-2.13/boost/default/eed002c/include -std=gnu++0x -I./thrift -I./thrift/gen-cpp -I./thrift/lib/cpp -c -g -O2  conftest.cc >&5
configure:3236: $? = 0
configure:3240: test -z 
			 || test ! -s conftest.err
configure:3243: $? = 0
configure:3246: test -s conftest.o
configure:3249: $? = 0
configure:3260: result: yes
configure:3214: checking for unistd.h
configure:3230: /mnt/gvfs/third-party/d28c90311ca14f9f0b2bb720f4e34b285513d4f4/centos5.2-native/gcc/gcc-4.6.2-glibc-2.13/bin/g++   -I ./snappy  -I /mnt/gvfs/third-party/d28c90311ca14f9f0b2bb720f4e34b285513d4f4/gcc-4.6.2-glibc-2.13/boost/default/eed002c/include -std=gnu++0x -I./thrift -I./thrift/gen-cpp -I./thrift/lib/cpp -c -g -O2  conftest.cc >&5
configure:3236: $? = 0
configure:3240: test -z 
			 || test ! -s conftest.err
configure:3243: $? = 0
configure:3246: test -s conftest.o
configure:3249: $? = 0
configure:3260: result: yes
configure:3284: checking for stdint.h
configure:3289: result: yes
configure:3293: checking stddef.h usability
configure:3305: /mnt/gvfs/third-party/d28c90311ca14f9f0b2bb720f4e34b285513d4f4/centos5.2-native/gcc/gcc-4.6.2-glibc-2.13/bin/g++   -I ./snappy  -I /mnt/gvfs/third-party/d28c90311ca14f9f0b2bb720f4e34b285513d4f4/gcc-4.6.2-glibc-2.13/boost/default/eed002c/include -std=gnu++0x -I./thrift -I./thrift/gen-cpp -I./thrift/lib/cpp -c -g -O2  conftest.cc >&5
configure:3311: $? = 0
configure:3315: test -z 
			 || test ! -s conftest.err
configure:3318: $? = 0
configure:3321: test -s conftest.o
configure:3324: $? = 0
configure:3334: result: yes
configure:3338: checking stddef.h presence
configure:3348: /mnt/gvfs/third-party/d28c90311ca14f9f0b2bb720f4e34b285513d4f4/centos5.2-native/gcc/gcc-4.6.2-glibc-2.13/bin/g++   -I ./snappy  -I /mnt/gvfs/third-party/d28c90311ca14f9f0b2bb720f4e34b285513d4f4/gcc-4.6.2-glibc-2.13/boost/default/eed002c/include -std=gnu++0x -I./thrift -I./thrift/gen-cpp -I./thrift/lib/cpp -E  conftest.cc
configure:3354: $? = 0
configure:3374: result: yes
configure:3409: checking for stddef.h
configure:3416: result: yes
configure:3293: checking sys/mman.h usability
configure:3305: /mnt/gvfs/third-party/d28c90311ca14f9f0b2bb720f4e34b285513d4f4/centos5.2-native/gcc/gcc-4.6.2-glibc-2.13/bin/g++   -I ./snappy  -I /mnt/gvfs/third-party/d28c90311ca14f9f0b2bb720f4e34b285513d4f4/gcc-4.6.2-glibc-2.13/boost/default/eed002c/include -std=gnu++0x -I./thrift -I./thrift/gen-cpp -I./thrift/lib/cpp -c -g -O2  conftest.cc >&5
configure:3311: $? = 0
configure:3315: test -z 
			 || test ! -s conftest.err
configure:3318: $? = 0
configure:3321: test -s conftest.o
configure:3324: $? = 0
configure:3334: result: yes
configure:3338: checking sys/mman.h presence
configure:3348: /mnt/gvfs/third-party/d28c90311ca14f9f0b2bb720f4e34b285513d4f4/centos5.2-native/gcc/gcc-4.6.2-glibc-2.13/bin/g++   -I ./snappy  -I /mnt/gvfs/third-party/d28c90311ca14f9f0b2bb720f4e34b285513d4f4/gcc-4.6.2-glibc-2.13/boost/default/eed002c/include -std=gnu++0x -I./thrift -I./thrift/gen-cpp -I./thrift/lib/cpp -E  conftest.cc
configure:3354: $? = 0
configure:3374: result: yes
configure:3409: checking for sys/mman.h
configure:3416: result: yes
configure:3293: checking sys/resource.h usability
configure:3305: /mnt/gvfs/third-party/d28c90311ca14f9f0b2bb720f4e34b285513d4f4/centos5.2-native/gcc/gcc-4.6.2-glibc-2.13/bin/g++   -I ./snappy  -I /mnt/gvfs/third-party/d28c90311ca14f9f0b2bb720f4e34b285513d4f4/gcc-4.6.2-glibc-2.13/boost/default/eed002c/include -std=gnu++0x -I./thrift -I./thrift/gen-cpp -I./thrift/lib/cpp -c -g -O2  conftest.cc >&5
configure:3311: $? = 0
configure:3315: test -z 
			 || test ! -s conftest.err
configure:3318: $? = 0
configure:3321: test -s conftest.o
configure:3324: $? = 0
configure:3334: result: yes
configure:3338: checking sys/resource.h presence
configure:3348: /mnt/gvfs/third-party/d28c90311ca14f9f0b2bb720f4e34b285513d4f4/centos5.2-native/gcc/gcc-4.6.2-glibc-2.13/bin/g++   -I ./snappy  -I /mnt/gvfs/third-party/d28c90311ca14f9f0b2bb720f4e34b285513d4f4/gcc-4.6.2-glibc-2.13/boost/default/eed002c/include -std=gnu++0x -I./thrift -I./thrift/gen-cpp -I./thrift/lib/cpp -E  conftest.cc
configure:3354: $? = 0
configure:3374: result: yes
configure:3409: checking for sys/resource.h
configure:3416: result: yes
configure:3293: checking windows.h usability
configure:3305: /mnt/gvfs/third-party/d28c90311ca14f9f0b2bb720f4e34b285513d4f4/centos5.2-native/gcc/gcc-4.6.2-glibc-2.13/bin/g++   -I ./snappy  -I /mnt/gvfs/third-party/d28c90311ca14f9f0b2bb720f4e34b285513d4f4/gcc-4.6.2-glibc-2.13/boost/default/eed002c/include -std=gnu++0x -I./thrift -I./thrift/gen-cpp -I./thrift/lib/cpp -c -g -O2  conftest.cc >&5
conftest.cc:62:21: fatal error: windows.h: No such file or directory
compilation terminated.
configure:3311: $? = 1
configure: failed program was:
| /* confdefs.h.  */
| 
| #define PACKAGE_NAME "snappy"
| #define PACKAGE_TARNAME "snappy"
| #define PACKAGE_VERSION "1.0.5"
| #define PACKAGE_STRING "snappy 1.0.5"
| #define PACKAGE_BUGREPORT ""
| #define PACKAGE "snappy"
| #define VERSION "1.0.5"
| #ifdef __cplusplus
| extern "C" void exit (int) throw ();
| #endif
| #define STDC_HEADERS 1
| #define HAVE_SYS_TYPES_H 1
| #define HAVE_SYS_STAT_H 1
| #define HAVE_STDLIB_H 1
| #define HAVE_STRING_H 1
| #define HAVE_MEMORY_H 1
| #define HAVE_STRINGS_H 1
| #define HAVE_INTTYPES_H 1
| #define HAVE_STDINT_H 1
| #define HAVE_UNISTD_H 1
| #define HAVE_STDINT_H 1
| #define HAVE_STDDEF_H 1
| #define HAVE_SYS_MMAN_H 1
| #define HAVE_SYS_RESOURCE_H 1
| /* end confdefs.h.  */
| #include <stdio.h>
| #if HAVE_SYS_TYPES_H
| # include <sys/types.h>
| #endif
| #if HAVE_SYS_STAT_H
| # include <sys/stat.h>
| #endif
| #if STDC_HEADERS
| # include <stdlib.h>
| # include <stddef.h>
| #else
| # if HAVE_STDLIB_H
| #  include <stdlib.h>
| # endif
| #endif
| #if HAVE_STRING_H
| # if !STDC_HEADERS && HAVE_MEMORY_H
| #  include <memory.h>
| # endif
| # include <string.h>
| #endif
| #if HAVE_STRINGS_H
| # include <strings.h>
| #endif
| #if HAVE_INTTYPES_H
| # include <inttypes.h>
| #else
| # if HAVE_STDINT_H
| #  include <stdint.h>
| # endif
| #endif
| #if HAVE_UNISTD_H
| # include <unistd.h>
| #endif
| #include <windows.h>
configure:3334: result: no
configure:3338: checking windows.h presence
configure:3348: /mnt/gvfs/third-party/d28c90311ca14f9f0b2bb720f4e34b285513d4f4/centos5.2-native/gcc/gcc-4.6.2-glibc-2.13/bin/g++   -I ./snappy  -I /mnt/gvfs/third-party/d28c90311ca14f9f0b2bb720f4e34b285513d4f4/gcc-4.6.2-glibc-2.13/boost/default/eed002c/include -std=gnu++0x -I./thrift -I./thrift/gen-cpp -I./thrift/lib/cpp -E  conftest.cc
conftest.cc:28:21: fatal error: windows.h: No such file or directory
compilation terminated.
configure:3354: $? = 1
configure: failed program was:
| /* confdefs.h.  */
| 
| #define PACKAGE_NAME "snappy"
| #define PACKAGE_TARNAME "snappy"
| #define PACKAGE_VERSION "1.0.5"
| #define PACKAGE_STRING "snappy 1.0.5"
| #define PACKAGE_BUGREPORT ""
| #define PACKAGE "snappy"
| #define VERSION "1.0.5"
| #ifdef __cplusplus
| extern "C" void exit (int) throw ();
| #endif
| #define STDC_HEADERS 1
| #define HAVE_SYS_TYPES_H 1
| #define HAVE_SYS_STAT_H 1
| #define HAVE_STDLIB_H 1
| #define HAVE_STRING_H 1
| #define HAVE_MEMORY_H 1
| #define HAVE_STRINGS_H 1
| #define HAVE_INTTYPES_H 1
| #define HAVE_STDINT_H 1
| #define HAVE_UNISTD_H 1
| #define HAVE_STDINT_H 1
| #define HAVE_STDDEF_H 1
| #define HAVE_SYS_MMAN_H 1
| #define HAVE_SYS_RESOURCE_H 1
| /* end confdefs.h.  */
| #include <windows.h>
configure:3374: result: no
configure:3409: checking for windows.h
configure:3416: result: no
configure:3293: checking byteswap.h usability
configure:3305: /mnt/gvfs/third-party/d28c90311ca14f9f0b2bb720f4e34b285513d4f4/centos5.2-native/gcc/gcc-4.6.2-glibc-2.13/bin/g++   -I ./snappy  -I /mnt/gvfs/third-party/d28c90311ca14f9f0b2bb720f4e34b285513d4f4/gcc-4.6.2-glibc-2.13/boost/default/eed002c/include -std=gnu++0x -I./thrift -I./thrift/gen-cpp -I./thrift/lib/cpp -c -g -O2  conftest.cc >&5
configure:3311: $? = 0
configure:3315: test -z 
			 || test ! -s conftest.err
configure:3318: $? = 0
configure:3321: test -s conftest.o
configure:3324: $? = 0
configure:3334: result: yes
configure:3338: checking byteswap.h presence
configure:3348: /mnt/gvfs/third-party/d28c90311ca14f9f0b2bb720f4e34b285513d4f4/centos5.2-native/gcc/gcc-4.6.2-glibc-2.13/bin/g++   -I ./snappy  -I /mnt/gvfs/third-party/d28c90311ca14f9f0b2bb720f4e34b285513d4f4/gcc-4.6.2-glibc-2.13/boost/default/eed002c/include -std=gnu++0x -I./thrift -I./thrift/gen-cpp -I./thrift/lib/cpp -E  conftest.cc
configure:3354: $? = 0
configure:3374: result: yes
configure:3409: checking for byteswap.h
configure:3416: result: yes
configure:3293: checking sys/byteswap.h usability
configure:3305: /mnt/gvfs/third-party/d28c90311ca14f9f0b2bb720f4e34b285513d4f4/centos5.2-native/gcc/gcc-4.6.2-glibc-2.13/bin/g++   -I ./snappy  -I /mnt/gvfs/third-party/d28c90311ca14f9f0b2bb720f4e34b285513d4f4/gcc-4.6.2-glibc-2.13/boost/default/eed002c/include -std=gnu++0x -I./thrift -I./thrift/gen-cpp -I./thrift/lib/cpp -c -g -O2  conftest.cc >&5
conftest.cc:63:26: fatal error: sys/byteswap.h: No such file or directory
compilation terminated.
configure:3311: $? = 1
configure: failed program was:
| /* confdefs.h.  */
| 
| #define PACKAGE_NAME "snappy"
| #define PACKAGE_TARNAME "snappy"
| #define PACKAGE_VERSION "1.0.5"
| #define PACKAGE_STRING "snappy 1.0.5"
| #define PACKAGE_BUGREPORT ""
| #define PACKAGE "snappy"
| #define VERSION "1.0.5"
| #ifdef __cplusplus
| extern "C" void exit (int) throw ();
| #endif
| #define STDC_HEADERS 1
| #define HAVE_SYS_TYPES_H 1
| #define HAVE_SYS_STAT_H 1
| #define HAVE_STDLIB_H 1
| #define HAVE_STRING_H 1
| #define HAVE_MEMORY_H 1
| #define HAVE_STRINGS_H 1
| #define HAVE_INTTYPES_H 1
| #define HAVE_STDINT_H 1
| #define HAVE_UNISTD_H 1
| #define HAVE_STDINT_H 1
| #define HAVE_STDDEF_H 1
| #define HAVE_SYS_MMAN_H 1
| #define HAVE_SYS_RESOURCE_H 1
| #define HAVE_BYTESWAP_H 1
| /* end confdefs.h.  */
| #include <stdio.h>
| #if HAVE_SYS_TYPES_H
| # include <sys/types.h>
| #endif
| #if HAVE_SYS_STAT_H
| # include <sys/stat.h>
| #endif
| #if STDC_HEADERS
| # include <stdlib.h>
| # include <stddef.h>
| #else
| # if HAVE_STDLIB_H
| #  include <stdlib.h>
| # endif
| #endif
| #if HAVE_STRING_H
| # if !STDC_HEADERS && HAVE_MEMORY_H
| #  include <memory.h>
| # endif
| # include <string.h>
| #endif
| #if HAVE_STRINGS_H
| # include <strings.h>
| #endif
| #if HAVE_INTTYPES_H
| # include <inttypes.h>
| #else
| # if HAVE_STDINT_H
| #  include <stdint.h>
| # endif
| #endif
| #if HAVE_UNISTD_H
| # include <unistd.h>
| #endif
| #include <sys/byteswap.h>
configure:3334: result: no
configure:3338: checking sys/byteswap.h presence
configure:3348: /mnt/gvfs/third-party/d28c90311ca14f9f0b2bb720f4e34b285513d4f4/centos5.2-native/gcc/gcc-4.6.2-glibc-2.13/bin/g++   -I ./snappy  -I /mnt/gvfs/third-party/d28c90311ca14f9f0b2bb720f4e34b285513d4f4/gcc-4.6.2-glibc-2.13/boost/default/eed002c/include -std=gnu++0x -I./thrift -I./thrift/gen-cpp -I./thrift/lib/cpp -E  conftest.cc
conftest.cc:29:26: fatal error: sys/byteswap.h: No such file or directory
compilation terminated.
configure:3354: $? = 1
configure: failed program was:
| /* confdefs.h.  */
| 
| #define PACKAGE_NAME "snappy"
| #define PACKAGE_TARNAME "snappy"
| #define PACKAGE_VERSION "1.0.5"
| #define PACKAGE_STRING "snappy 1.0.5"
| #define PACKAGE_BUGREPORT ""
| #define PACKAGE "snappy"
| #define VERSION "1.0.5"
| #ifdef __cplusplus
| extern "C" void exit (int) throw ();
| #endif
| #define STDC_HEADERS 1
| #define HAVE_SYS_TYPES_H 1
| #define HAVE_SYS_STAT_H 1
| #define HAVE_STDLIB_H 1
| #define HAVE_STRING_H 1
| #define HAVE_MEMORY_H 1
| #define HAVE_STRINGS_H 1
| #define HAVE_INTTYPES_H 1
| #define HAVE_STDINT_H 1
| #define HAVE_UNISTD_H 1
| #define HAVE_STDINT_H 1
| #define HAVE_STDDEF_H 1
| #define HAVE_SYS_MMAN_H 1
| #define HAVE_SYS_RESOURCE_H 1
| #define HAVE_BYTESWAP_H 1
| /* end confdefs.h.  */
| #include <sys/byteswap.h>
configure:3374: result: no
configure:3409: checking for sys/byteswap.h
configure:3416: result: no
configure:3293: checking sys/endian.h usability
configure:3305: /mnt/gvfs/third-party/d28c90311ca14f9f0b2bb720f4e34b285513d4f4/centos5.2-native/gcc/gcc-4.6.2-glibc-2.13/bin/g++   -I ./snappy  -I /mnt/gvfs/third-party/d28c90311ca14f9f0b2bb720f4e34b285513d4f4/gcc-4.6.2-glibc-2.13/boost/default/eed002c/include -std=gnu++0x -I./thrift -I./thrift/gen-cpp -I./thrift/lib/cpp -c -g -O2  conftest.cc >&5
conftest.cc:63:24: fatal error: sys/endian.h: No such file or directory
compilation terminated.
configure:3311: $? = 1
configure: failed program was:
| /* confdefs.h.  */
| 
| #define PACKAGE_NAME "snappy"
| #define PACKAGE_TARNAME "snappy"
| #define PACKAGE_VERSION "1.0.5"
| #define PACKAGE_STRING "snappy 1.0.5"
| #define PACKAGE_BUGREPORT ""
| #define PACKAGE "snappy"
| #define VERSION "1.0.5"
| #ifdef __cplusplus
| extern "C" void exit (int) throw ();
| #endif
| #define STDC_HEADERS 1
| #define HAVE_SYS_TYPES_H 1
| #define HAVE_SYS_STAT_H 1
| #define HAVE_STDLIB_H 1
| #define HAVE_STRING_H 1
| #define HAVE_MEMORY_H 1
| #define HAVE_STRINGS_H 1
| #define HAVE_INTTYPES_H 1
| #define HAVE_STDINT_H 1
| #define HAVE_UNISTD_H 1
| #define HAVE_STDINT_H 1
| #define HAVE_STDDEF_H 1
| #define HAVE_SYS_MMAN_H 1
| #define HAVE_SYS_RESOURCE_H 1
| #define HAVE_BYTESWAP_H 1
| /* end confdefs.h.  */
| #include <stdio.h>
| #if HAVE_SYS_TYPES_H
| # include <sys/types.h>
| #endif
| #if HAVE_SYS_STAT_H
| # include <sys/stat.h>
| #endif
| #if STDC_HEADERS
| # include <stdlib.h>
| # include <stddef.h>
| #else
| # if HAVE_STDLIB_H
| #  include <stdlib.h>
| # endif
| #endif
| #if HAVE_STRING_H
| # if !STDC_HEADERS && HAVE_MEMORY_H
| #  include <memory.h>
| # endif
| # include <string.h>
| #endif
| #if HAVE_STRINGS_H
| # include <strings.h>
| #endif
| #if HAVE_INTTYPES_H
| # include <inttypes.h>
| #else
| # if HAVE_STDINT_H
| #  include <stdint.h>
| # endif
| #endif
| #if HAVE_UNISTD_H
| # include <unistd.h>
| #endif
| #include <sys/endian.h>
configure:3334: result: no
configure:3338: checking sys/endian.h presence
configure:3348: /mnt/gvfs/third-party/d28c90311ca14f9f0b2bb720f4e34b285513d4f4/centos5.2-native/gcc/gcc-4.6.2-glibc-2.13/bin/g++   -I ./snappy  -I /mnt/gvfs/third-party/d28c90311ca14f9f0b2bb720f4e34b285513d4f4/gcc-4.6.2-glibc-2.13/boost/default/eed002c/include -std=gnu++0x -I./thrift -I./thrift/gen-cpp -I./thrift/lib/cpp -E  conftest.cc
conftest.cc:29:24: fatal error: sys/endian.h: No such file or directory
compilation terminated.
configure:3354: $? = 1
configure: failed program was:
| /* confdefs.h.  */
| 
| #define PACKAGE_NAME "snappy"
| #define PACKAGE_TARNAME "snappy"
| #define PACKAGE_VERSION "1.0.5"
| #define PACKAGE_STRING "snappy 1.0.5"
| #define PACKAGE_BUGREPORT ""
| #define PACKAGE "snappy"
| #define VERSION "1.0.5"
| #ifdef __cplusplus
| extern "C" void exit (int) throw ();
| #endif
| #define STDC_HEADERS 1
| #define HAVE_SYS_TYPES_H 1
| #define HAVE_SYS_STAT_H 1
| #define HAVE_STDLIB_H 1
| #define HAVE_STRING_H 1
| #define HAVE_MEMORY_H 1
| #define HAVE_STRINGS_H 1
| #define HAVE_INTTYPES_H 1
| #define HAVE_STDINT_H 1
| #define HAVE_UNISTD_H 1
| #define HAVE_STDINT_H 1
| #define HAVE_STDDEF_H 1
| #define HAVE_SYS_MMAN_H 1
| #define HAVE_SYS_RESOURCE_H 1
| #define HAVE_BYTESWAP_H 1
| /* end confdefs.h.  */
| #include <sys/endian.h>
configure:3374: result: no
configure:3409: checking for sys/endian.h
configure:3416: result: no
configure:3432: checking for mmap
configure:3489: /mnt/gvfs/third-party/d28c90311ca14f9f0b2bb720f4e34b285513d4f4/centos5.2-native/gcc/gcc-4.6.2-glibc-2.13/bin/g++   -I ./snappy  -I /mnt/gvfs/third-party/d28c90311ca14f9f0b2bb720f4e34b285513d4f4/gcc-4.6.2-glibc-2.13/boost/default/eed002c/include -std=gnu++0x -I./thrift -I./thrift/gen-cpp -I./thrift/lib/cpp -o conftest -g -O2   conftest.cc  >&5
configure:3495: $? = 0
configure:3499: test -z 
			 || test ! -s conftest.err
configure:3502: $? = 0
configure:3505: test -s conftest
configure:3508: $? = 0
configure:3520: result: yes
configure:3540: checking for 'gtest-config'
configure:3567: checking for gtest-config
configure:3600: result: no
configure:3622: result: no
configure:3726: checking for pkg-config
configure:3744: found /usr/bin/pkg-config
configure:3756: result: /usr/bin/pkg-config
configure:3771: checking pkg-config is at least version 0.9.0
configure:3774: result: yes
configure:3785: checking for gflags
configure:3793: $PKG_CONFIG --exists --print-errors "libgflags"
Package libgflags was not found in the pkg-config search path.
Perhaps you should add the directory containing `libgflags.pc'
to the PKG_CONFIG_PATH environment variable
No package 'libgflags' found
configure:3796: $? = 1
configure:3811: $PKG_CONFIG --exists --print-errors "libgflags"
Package libgflags was not found in the pkg-config search path.
Perhaps you should add the directory containing `libgflags.pc'
to the PKG_CONFIG_PATH environment variable
No package 'libgflags' found
configure:3814: $? = 1
No package 'libgflags' found
configure:3842: result: no
configure:3874: checking if the compiler supports __builtin_expect
configure:3895: /mnt/gvfs/third-party/d28c90311ca14f9f0b2bb720f4e34b285513d4f4/centos5.2-native/gcc/gcc-4.6.2-glibc-2.13/bin/g++   -I ./snappy  -I /mnt/gvfs/third-party/d28c90311ca14f9f0b2bb720f4e34b285513d4f4/gcc-4.6.2-glibc-2.13/boost/default/eed002c/include -std=gnu++0x -I./thrift -I./thrift/gen-cpp -I./thrift/lib/cpp -c -g -O2  conftest.cc >&5
configure:3901: $? = 0
configure:3905: test -z 
			 || test ! -s conftest.err
configure:3908: $? = 0
configure:3911: test -s conftest.o
configure:3914: $? = 0
configure:3918: result: yes
configure:3942: checking if the compiler supports __builtin_ctzll
configure:3963: /mnt/gvfs/third-party/d28c90311ca14f9f0b2bb720f4e34b285513d4f4/centos5.2-native/gcc/gcc-4.6.2-glibc-2.13/bin/g++   -I ./snappy  -I /mnt/gvfs/third-party/d28c90311ca14f9f0b2bb720f4e34b285513d4f4/gcc-4.6.2-glibc-2.13/boost/default/eed002c/include -std=gnu++0x -I./thrift -I./thrift/gen-cpp -I./thrift/lib/cpp -c -g -O2  conftest.cc >&5
configure:3969: $? = 0
configure:3973: test -z 
			 || test ! -s conftest.err
configure:3976: $? = 0
configure:3979: test -s conftest.o
configure:3982: $? = 0
configure:3986: result: yes
configure:4015: checking for zlibVersion in -lz
configure:4045: /mnt/gvfs/third-party/d28c90311ca14f9f0b2bb720f4e34b285513d4f4/centos5.2-native/gcc/gcc-4.6.2-glibc-2.13/bin/g++   -I ./snappy  -I /mnt/gvfs/third-party/d28c90311ca14f9f0b2bb720f4e34b285513d4f4/gcc-4.6.2-glibc-2.13/boost/default/eed002c/include -std=gnu++0x -I./thrift -I./thrift/gen-cpp -I./thrift/lib/cpp -o conftest -g -O2   conftest.cc -lz   >&5
configure:4051: $? = 0
configure:4055: test -z 
			 || test ! -s conftest.err
configure:4058: $? = 0
configure:4061: test -s conftest
configure:4064: $? = 0
configure:4077: result: yes
configure:4096: checking for lzo1x_1_15_compress in -llzo2
configure:4126: /mnt/gvfs/third-party/d28c90311ca14f9f0b2bb720f4e34b285513d4f4/centos5.2-native/gcc/gcc-4.6.2-glibc-2.13/bin/g++   -I ./snappy  -I /mnt/gvfs/third-party/d28c90311ca14f9f0b2bb720f4e34b285513d4f4/gcc-4.6.2-glibc-2.13/boost/default/eed002c/include -std=gnu++0x -I./thrift -I./thrift/gen-cpp -I./thrift/lib/cpp -o conftest -g -O2   conftest.cc -llzo2   >&5
/mnt/gvfs/third-party/d28c90311ca14f9f0b2bb720f4e34b285513d4f4/centos5.2-native/binutils/binutils-2.21.1/da39a3e/bin/ld: cannot find -llzo2
collect2: ld returned 1 exit status
configure:4132: $? = 1
configure: failed program was:
| /* confdefs.h.  */
| 
| #define PACKAGE_NAME "snappy"
| #define PACKAGE_TARNAME "snappy"
| #define PACKAGE_VERSION "1.0.5"
| #define PACKAGE_STRING "snappy 1.0.5"
| #define PACKAGE_BUGREPORT ""
| #define PACKAGE "snappy"
| #define VERSION "1.0.5"
| #ifdef __cplusplus
| extern "C" void exit (int) throw ();
| #endif
| #define STDC_HEADERS 1
| #define HAVE_SYS_TYPES_H 1
| #define HAVE_SYS_STAT_H 1
| #define HAVE_STDLIB_H 1
| #define HAVE_STRING_H 1
| #define HAVE_MEMORY_H 1
| #define HAVE_STRINGS_H 1
| #define HAVE_INTTYPES_H 1
| #define HAVE_STDINT_H 1
| #define HAVE_UNISTD_H 1
| #define HAVE_STDINT_H 1
| #define HAVE_STDDEF_H 1
| #define HAVE_SYS_MMAN_H 1
| #define HAVE_SYS_RESOURCE_H 1
| #define HAVE_BYTESWAP_H 1
| #define HAVE_BUILTIN_EXPECT 1
| #define HAVE_BUILTIN_CTZ 1
| #define HAVE_LIBZ 1
| /* end confdefs.h.  */
| 
| /* Override any gcc2 internal prototype to avoid an error.  */
| #ifdef __cplusplus
| extern "C"
| #endif
| /* We use char because int might match the return type of a gcc2
|    builtin and then its argument prototype would still apply.  */
| char lzo1x_1_15_compress ();
| int
| main ()
| {
| lzo1x_1_15_compress ();
|   ;
|   return 0;
| }
configure:4158: result: no
configure:4177: checking for lzf_compress in -llzf
configure:4207: /mnt/gvfs/third-party/d28c90311ca14f9f0b2bb720f4e34b285513d4f4/centos5.2-native/gcc/gcc-4.6.2-glibc-2.13/bin/g++   -I ./snappy  -I /mnt/gvfs/third-party/d28c90311ca14f9f0b2bb720f4e34b285513d4f4/gcc-4.6.2-glibc-2.13/boost/default/eed002c/include -std=gnu++0x -I./thrift -I./thrift/gen-cpp -I./thrift/lib/cpp -o conftest -g -O2   conftest.cc -llzf   >&5
/mnt/gvfs/third-party/d28c90311ca14f9f0b2bb720f4e34b285513d4f4/centos5.2-native/binutils/binutils-2.21.1/da39a3e/bin/ld: cannot find -llzf
collect2: ld returned 1 exit status
configure:4213: $? = 1
configure: failed program was:
| /* confdefs.h.  */
| 
| #define PACKAGE_NAME "snappy"
| #define PACKAGE_TARNAME "snappy"
| #define PACKAGE_VERSION "1.0.5"
| #define PACKAGE_STRING "snappy 1.0.5"
| #define PACKAGE_BUGREPORT ""
| #define PACKAGE "snappy"
| #define VERSION "1.0.5"
| #ifdef __cplusplus
| extern "C" void exit (int) throw ();
| #endif
| #define STDC_HEADERS 1
| #define HAVE_SYS_TYPES_H 1
| #define HAVE_SYS_STAT_H 1
| #define HAVE_STDLIB_H 1
| #define HAVE_STRING_H 1
| #define HAVE_MEMORY_H 1
| #define HAVE_STRINGS_H 1
| #define HAVE_INTTYPES_H 1
| #define HAVE_STDINT_H 1
| #define HAVE_UNISTD_H 1
| #define HAVE_STDINT_H 1
| #define HAVE_STDDEF_H 1
| #define HAVE_SYS_MMAN_H 1
| #define HAVE_SYS_RESOURCE_H 1
| #define HAVE_BYTESWAP_H 1
| #define HAVE_BUILTIN_EXPECT 1
| #define HAVE_BUILTIN_CTZ 1
| #define HAVE_LIBZ 1
| /* end confdefs.h.  */
| 
| /* Override any gcc2 internal prototype to avoid an error.  */
| #ifdef __cplusplus
| extern "C"
| #endif
| /* We use char because int might match the return type of a gcc2
|    builtin and then its argument prototype would still apply.  */
| char lzf_compress ();
| int
| main ()
| {
| lzf_compress ();
|   ;
|   return 0;
| }
configure:4239: result: no
configure:4258: checking for fastlz_compress in -lfastlz
configure:4288: /mnt/gvfs/third-party/d28c90311ca14f9f0b2bb720f4e34b285513d4f4/centos5.2-native/gcc/gcc-4.6.2-glibc-2.13/bin/g++   -I ./snappy  -I /mnt/gvfs/third-party/d28c90311ca14f9f0b2bb720f4e34b285513d4f4/gcc-4.6.2-glibc-2.13/boost/default/eed002c/include -std=gnu++0x -I./thrift -I./thrift/gen-cpp -I./thrift/lib/cpp -o conftest -g -O2   conftest.cc -lfastlz   >&5
/mnt/gvfs/third-party/d28c90311ca14f9f0b2bb720f4e34b285513d4f4/centos5.2-native/binutils/binutils-2.21.1/da39a3e/bin/ld: cannot find -lfastlz
collect2: ld returned 1 exit status
configure:4294: $? = 1
configure: failed program was:
| /* confdefs.h.  */
| 
| #define PACKAGE_NAME "snappy"
| #define PACKAGE_TARNAME "snappy"
| #define PACKAGE_VERSION "1.0.5"
| #define PACKAGE_STRING "snappy 1.0.5"
| #define PACKAGE_BUGREPORT ""
| #define PACKAGE "snappy"
| #define VERSION "1.0.5"
| #ifdef __cplusplus
| extern "C" void exit (int) throw ();
| #endif
| #define STDC_HEADERS 1
| #define HAVE_SYS_TYPES_H 1
| #define HAVE_SYS_STAT_H 1
| #define HAVE_STDLIB_H 1
| #define HAVE_STRING_H 1
| #define HAVE_MEMORY_H 1
| #define HAVE_STRINGS_H 1
| #define HAVE_INTTYPES_H 1
| #define HAVE_STDINT_H 1
| #define HAVE_UNISTD_H 1
| #define HAVE_STDINT_H 1
| #define HAVE_STDDEF_H 1
| #define HAVE_SYS_MMAN_H 1
| #define HAVE_SYS_RESOURCE_H 1
| #define HAVE_BYTESWAP_H 1
| #define HAVE_BUILTIN_EXPECT 1
| #define HAVE_BUILTIN_CTZ 1
| #define HAVE_LIBZ 1
| /* end confdefs.h.  */
| 
| /* Override any gcc2 internal prototype to avoid an error.  */
| #ifdef __cplusplus
| extern "C"
| #endif
| /* We use char because int might match the return type of a gcc2
|    builtin and then its argument prototype would still apply.  */
| char fastlz_compress ();
| int
| main ()
| {
| fastlz_compress ();
|   ;
|   return 0;
| }
configure:4320: result: no
configure:4339: checking for qlz_compress in -lquicklz
configure:4369: /mnt/gvfs/third-party/d28c90311ca14f9f0b2bb720f4e34b285513d4f4/centos5.2-native/gcc/gcc-4.6.2-glibc-2.13/bin/g++   -I ./snappy  -I /mnt/gvfs/third-party/d28c90311ca14f9f0b2bb720f4e34b285513d4f4/gcc-4.6.2-glibc-2.13/boost/default/eed002c/include -std=gnu++0x -I./thrift -I./thrift/gen-cpp -I./thrift/lib/cpp -o conftest -g -O2   conftest.cc -lquicklz   >&5
/mnt/gvfs/third-party/d28c90311ca14f9f0b2bb720f4e34b285513d4f4/centos5.2-native/binutils/binutils-2.21.1/da39a3e/bin/ld: cannot find -lquicklz
collect2: ld returned 1 exit status
configure:4375: $? = 1
configure: failed program was:
| /* confdefs.h.  */
| 
| #define PACKAGE_NAME "snappy"
| #define PACKAGE_TARNAME "snappy"
| #define PACKAGE_VERSION "1.0.5"
| #define PACKAGE_STRING "snappy 1.0.5"
| #define PACKAGE_BUGREPORT ""
| #define PACKAGE "snappy"
| #define VERSION "1.0.5"
| #ifdef __cplusplus
| extern "C" void exit (int) throw ();
| #endif
| #define STDC_HEADERS 1
| #define HAVE_SYS_TYPES_H 1
| #define HAVE_SYS_STAT_H 1
| #define HAVE_STDLIB_H 1
| #define HAVE_STRING_H 1
| #define HAVE_MEMORY_H 1
| #define HAVE_STRINGS_H 1
| #define HAVE_INTTYPES_H 1
| #define HAVE_STDINT_H 1
| #define HAVE_UNISTD_H 1
| #define HAVE_STDINT_H 1
| #define HAVE_STDDEF_H 1
| #define HAVE_SYS_MMAN_H 1
| #define HAVE_SYS_RESOURCE_H 1
| #define HAVE_BYTESWAP_H 1
| #define HAVE_BUILTIN_EXPECT 1
| #define HAVE_BUILTIN_CTZ 1
| #define HAVE_LIBZ 1
| /* end confdefs.h.  */
| 
| /* Override any gcc2 internal prototype to avoid an error.  */
| #ifdef __cplusplus
| extern "C"
| #endif
| /* We use char because int might match the return type of a gcc2
|    builtin and then its argument prototype would still apply.  */
| char qlz_compress ();
| int
| main ()
| {
| qlz_compress ();
|   ;
|   return 0;
| }
configure:4401: result: no
configure:4566: creating ./config.status

## ---------------- ##
## Cache variables. ##
## ---------------- ##

ac_cv_c_bigendian=no
ac_cv_cxx_compiler_gnu=yes
ac_cv_env_CPPFLAGS_set=
ac_cv_env_CPPFLAGS_value=
ac_cv_env_CXXCPP_set=
ac_cv_env_CXXCPP_value=
ac_cv_env_CXXFLAGS_set=
ac_cv_env_CXXFLAGS_value=
ac_cv_env_CXX_set=set
ac_cv_env_CXX_value='/mnt/gvfs/third-party/d28c90311ca14f9f0b2bb720f4e34b285513d4f4/centos5.2-native/gcc/gcc-4.6.2-glibc-2.13/bin/g++   -I ./snappy  -I /mnt/gvfs/third-party/d28c90311ca14f9f0b2bb720f4e34b285513d4f4/gcc-4.6.2-glibc-2.13/boost/default/eed002c/include -std=gnu++0x -I./thrift -I./thrift/gen-cpp -I./thrift/lib/cpp'
ac_cv_env_GTEST_CONFIG_set=
ac_cv_env_GTEST_CONFIG_value=
ac_cv_env_GTEST_CPPFLAGS_set=
ac_cv_env_GTEST_CPPFLAGS_value=
ac_cv_env_GTEST_CXXFLAGS_set=
ac_cv_env_GTEST_CXXFLAGS_value=
ac_cv_env_GTEST_LDFLAGS_set=
ac_cv_env_GTEST_LDFLAGS_value=
ac_cv_env_GTEST_LIBS_set=
ac_cv_env_GTEST_LIBS_value=
ac_cv_env_GTEST_VERSION_set=
ac_cv_env_GTEST_VERSION_value=
ac_cv_env_LDFLAGS_set=
ac_cv_env_LDFLAGS_value=
ac_cv_env_PKG_CONFIG_set=
ac_cv_env_PKG_CONFIG_value=
ac_cv_env_build_alias_set=
ac_cv_env_build_alias_value=
ac_cv_env_gflags_CFLAGS_set=
ac_cv_env_gflags_CFLAGS_value=
ac_cv_env_gflags_LIBS_set=
ac_cv_env_gflags_LIBS_value=
ac_cv_env_host_alias_set=
ac_cv_env_host_alias_value=
ac_cv_env_target_alias_set=
ac_cv_env_target_alias_value=
ac_cv_exeext=
ac_cv_func_mmap=yes
ac_cv_have_stddef_h=1
ac_cv_have_stdint_h=1
ac_cv_header_byteswap_h=yes
ac_cv_header_inttypes_h=yes
ac_cv_header_memory_h=yes
ac_cv_header_stdc=yes
ac_cv_header_stddef_h=yes
ac_cv_header_stdint_h=yes
ac_cv_header_stdlib_h=yes
ac_cv_header_string_h=yes
ac_cv_header_strings_h=yes
ac_cv_header_sys_byteswap_h=no
ac_cv_header_sys_endian_h=no
ac_cv_header_sys_mman_h=yes
ac_cv_header_sys_resource_h=yes
ac_cv_header_sys_stat_h=yes
ac_cv_header_sys_types_h=yes
ac_cv_header_unistd_h=yes
ac_cv_header_windows_h=no
ac_cv_lib_fastlz_fastlz_compress=no
ac_cv_lib_lzf_lzf_compress=no
ac_cv_lib_lzo2_lzo1x_1_15_compress=no
ac_cv_lib_quicklz_qlz_compress=no
ac_cv_lib_z_zlibVersion=yes
ac_cv_objext=o
ac_cv_path_ac_pt_PKG_CONFIG=/usr/bin/pkg-config
ac_cv_path_install='/usr/bin/install -c'
ac_cv_prog_AWK=gawk
ac_cv_prog_CXXCPP='/mnt/gvfs/third-party/d28c90311ca14f9f0b2bb720f4e34b285513d4f4/centos5.2-native/gcc/gcc-4.6.2-glibc-2.13/bin/g++   -I ./snappy  -I /mnt/gvfs/third-party/d28c90311ca14f9f0b2bb720f4e34b285513d4f4/gcc-4.6.2-glibc-2.13/boost/default/eed002c/include -std=gnu++0x -I./thrift -I./thrift/gen-cpp -I./thrift/lib/cpp -E'
ac_cv_prog_cxx_g=yes
ac_cv_prog_egrep='grep -E'
ac_cv_prog_make_make_set=yes
am_cv_CXX_dependencies_compiler_type=gcc3

## ----------------- ##
## Output variables. ##
## ----------------- ##

ACLOCAL='${SHELL} /home/dhruba/snappy-1.0.5/missing --run aclocal-1.9'
AMDEPBACKSLASH='\'
AMDEP_FALSE='#'
AMDEP_TRUE=''
AMTAR='${SHELL} /home/dhruba/snappy-1.0.5/missing --run tar'
AUTOCONF='${SHELL} /home/dhruba/snappy-1.0.5/missing --run autoconf'
AUTOHEADER='${SHELL} /home/dhruba/snappy-1.0.5/missing --run autoheader'
AUTOMAKE='${SHELL} /home/dhruba/snappy-1.0.5/missing --run automake-1.9'
AWK='gawk'
CPPFLAGS=''
CXX='/mnt/gvfs/third-party/d28c90311ca14f9f0b2bb720f4e34b285513d4f4/centos5.2-native/gcc/gcc-4.6.2-glibc-2.13/bin/g++   -I ./snappy  -I /mnt/gvfs/third-party/d28c90311ca14f9f0b2bb720f4e34b285513d4f4/gcc-4.6.2-glibc-2.13/boost/default/eed002c/include -std=gnu++0x -I./thrift -I./thrift/gen-cpp -I./thrift/lib/cpp'
CXXCPP='/mnt/gvfs/third-party/d28c90311ca14f9f0b2bb720f4e34b285513d4f4/centos5.2-native/gcc/gcc-4.6.2-glibc-2.13/bin/g++   -I ./snappy  -I /mnt/gvfs/third-party/d28c90311ca14f9f0b2bb720f4e34b285513d4f4/gcc-4.6.2-glibc-2.13/boost/default/eed002c/include -std=gnu++0x -I./thrift -I./thrift/gen-cpp -I./thrift/lib/cpp -E'
CXXDEPMODE='depmode=gcc3'
CXXFLAGS='-g -O2'
CYGPATH_W='echo'
DEFS='-DHAVE_CONFIG_H'
DEPDIR='.deps'
ECHO_C=''
ECHO_N='-n'
ECHO_T=''
EGREP='grep -E'
EXEEXT=''
GTEST_CONFIG=''
GTEST_CPPFLAGS=''
GTEST_CXXFLAGS=''
GTEST_LDFLAGS=''
GTEST_LIBS=''
GTEST_VERSION=''
HAVE_GTEST='no'
HAVE_GTEST_FALSE=''
HAVE_GTEST_TRUE='#'
INSTALL_DATA='${INSTALL} -m 644'
INSTALL_PROGRAM='${INSTALL}'
INSTALL_SCRIPT='${INSTALL}'
INSTALL_STRIP_PROGRAM='${SHELL} $(install_sh) -c -s'
LDFLAGS=''
LIBOBJS=''
LIBS=''
LIBTOOL_DEPS=''
LTLIBOBJS=''
MAKEINFO='${SHELL} /home/dhruba/snappy-1.0.5/missing --run makeinfo'
OBJEXT='o'
PACKAGE='snappy'
PACKAGE_BUGREPORT=''
PACKAGE_NAME='snappy'
PACKAGE_STRING='snappy 1.0.5'
PACKAGE_TARNAME='snappy'
PACKAGE_VERSION='1.0.5'
PATH_SEPARATOR=':'
PKG_CONFIG='/usr/bin/pkg-config'
SET_MAKE=''
SHELL='/bin/sh'
SNAPPY_LTVERSION='2:3:1'
SNAPPY_MAJOR='1'
SNAPPY_MINOR='0'
SNAPPY_PATCHLEVEL='5'
STRIP=''
UNITTEST_LIBS='-lz '
VERSION='1.0.5'
ac_ct_CXX=''
ac_ct_STRIP=''
ac_cv_have_stddef_h='1'
ac_cv_have_stdint_h='1'
ac_pt_PKG_CONFIG='/usr/bin/pkg-config'
am__fastdepCXX_FALSE='#'
am__fastdepCXX_TRUE=''
am__include='include'
am__leading_dot='.'
am__quote=''
am__tar='${AMTAR} chof - "$$tardir"'
am__untar='${AMTAR} xf -'
bindir='${exec_prefix}/bin'
build_alias=''
datadir='${prefix}/share'
exec_prefix='${prefix}'
gflags_CFLAGS=''
gflags_LIBS=''
host_alias=''
includedir='${prefix}/include'
infodir='${prefix}/info'
install_sh='/home/dhruba/snappy-1.0.5/install-sh'
libdir='${exec_prefix}/lib'
libexecdir='${exec_prefix}/libexec'
localstatedir='${prefix}/var'
mandir='${prefix}/man'
mkdir_p='mkdir -p --'
oldincludedir='/usr/include'
prefix='/usr/local'
program_transform_name='s,x,x,'
sbindir='${exec_prefix}/sbin'
sharedstatedir='${prefix}/com'
sysconfdir='${prefix}/etc'
target_alias=''

## ----------- ##
## confdefs.h. ##
## ----------- ##

#define HAVE_BUILTIN_CTZ 1
#define HAVE_BUILTIN_EXPECT 1
#define HAVE_BYTESWAP_H 1
#define HAVE_INTTYPES_H 1
#define HAVE_LIBZ 1
#define HAVE_MEMORY_H 1
#define HAVE_STDDEF_H 1
#define HAVE_STDINT_H 1
#define HAVE_STDINT_H 1
#define HAVE_STDLIB_H 1
#define HAVE_STRINGS_H 1
#define HAVE_STRING_H 1
#define HAVE_SYS_MMAN_H 1
#define HAVE_SYS_RESOURCE_H 1
#define HAVE_SYS_STAT_H 1
#define HAVE_SYS_TYPES_H 1
#define HAVE_UNISTD_H 1
#define PACKAGE "snappy"
#define PACKAGE_BUGREPORT ""
#define PACKAGE_NAME "snappy"
#define PACKAGE_STRING "snappy 1.0.5"
#define PACKAGE_TARNAME "snappy"
#define PACKAGE_VERSION "1.0.5"
#define STDC_HEADERS 1
#define VERSION "1.0.5"
#endif
#ifdef __cplusplus
extern "C" void exit (int) throw ();

configure: exit 0

## ---------------------- ##
## Running config.status. ##
## ---------------------- ##

This file was extended by snappy config.status 1.0.5, which was
generated by GNU Autoconf 2.59.  Invocation command line was

  CONFIG_FILES    = 
  CONFIG_HEADERS  = 
  CONFIG_LINKS    = 
  CONFIG_COMMANDS = 
  $ ./config.status config.h

on dev3936.snc6.facebook.com

config.status:815: creating config.h
config.status:937: config.h is unchanged

## ---------------------- ##
## Running config.status. ##
## ---------------------- ##

This file was extended by snappy config.status 1.0.5, which was
generated by GNU Autoconf 2.59.  Invocation command line was

  CONFIG_FILES    = 
  CONFIG_HEADERS  = 
  CONFIG_LINKS    = 
  CONFIG_COMMANDS = 
  $ ./config.status snappy-stubs-public.h

on dev3936.snc6.facebook.com

config.status:711: creating snappy-stubs-public.h
